<?xml version="1.0" encoding="UTF-8"?>
<testsuite name="ohtu.matkakortti.KassapaateTest" tests="4" skipped="0" failures="0" errors="0" timestamp="2021-11-29T14:56:30" hostname="lx0-fuxi112" time="0.258">
  <properties/>
  <testcase name="kortiltaVelotetaanHintaJosRahaaOn" classname="ohtu.matkakortti.KassapaateTest" time="0.255"/>
  <testcase name="negatiivinenSummaEiPoistaKortiltaRahaa" classname="ohtu.matkakortti.KassapaateTest" time="0.0"/>
  <testcase name="kortilleVoidaanLisataRahaaJosSummaOnPositiivinen" classname="ohtu.matkakortti.KassapaateTest" time="0.001"/>
  <testcase name="kortiltaEiVelotetaJosRahaEiRiita" classname="ohtu.matkakortti.KassapaateTest" time="0.001"/>
  <system-out><![CDATA[]]></system-out>
  <system-err><![CDATA[]]></system-err>
</testsuite>
